#
# There is insufficient memory for the Java Runtime Environment to continue.
# Native memory allocation (malloc) failed to allocate 412656 bytes for Chunk::new
# Possible reasons:
#   The system is out of physical RAM or swap space
#   The process is running with CompressedOops enabled, and the Java Heap may be blocking the growth of the native heap
# Possible solutions:
#   Reduce memory load on the system
#   Increase physical memory or swap space
#   Check if swap backing store is full
#   Decrease Java heap size (-Xmx/-Xms)
#   Decrease number of Java threads
#   Decrease Java thread stack sizes (-Xss)
#   Set larger code cache with -XX:ReservedCodeCacheSize=
#   JVM is running with Unscaled Compressed Oops mode in which the Java heap is
#     placed in the first 4GB address space. The Java Heap base address is the
#     maximum limit for the native heap growth. Please use -XX:HeapBaseMinAddress
#     to set the Java Heap base and to place the Java Heap above 4GB virtual address.
# This output file may be truncated or incomplete.
#
#  Out of Memory Error (allocation.cpp:389), pid=12932, tid=0x0000000000001468
#
# JRE version: Java(TM) SE Runtime Environment (8.0_221-b11) (build 1.8.0_221-b11)
# Java VM: Java HotSpot(TM) 64-Bit Server VM (25.221-b11 mixed mode windows-amd64 compressed oops)
# Failed to write core dump. Minidumps are not enabled by default on client versions of Windows
#

---------------  T H R E A D  ---------------

Current thread (0x0000000014065000):  JavaThread "C2 CompilerThread1" daemon [_thread_in_native, id=5224, stack(0x00000000157d0000,0x00000000158d0000)]

Stack: [0x00000000157d0000,0x00000000158d0000]
[error occurred during error reporting (printing stack bounds), id 0xc0000005]

Native frames: (J=compiled Java code, j=interpreted, Vv=VM code, C=native code)


Current CompileTask:
C2:3921470 22299       4       com.sun.tools.javac.comp.Attr::checkIdInternal (680 bytes)


---------------  P R O C E S S  ---------------

Java Threads: ( => current thread )
  0x000000001a961000 JavaThread "WorkerExecutor Queue Thread 3" [_thread_blocked, id=6116, stack(0x000000001f180000,0x000000001f280000)]
  0x000000001a95f800 JavaThread "WorkerExecutor Queue Thread 2" [_thread_blocked, id=5668, stack(0x000000001f080000,0x000000001f180000)]
  0x000000001a95e800 JavaThread "Cache worker for Java compile cache (C:\codekart\Aarka\android\.gradle\6.9\javaCompile)" [_thread_blocked, id=3556, stack(0x000000001ef80000,0x000000001f080000)]
  0x000000001a96d000 JavaThread "WorkerExecutor Queue" [_thread_blocked, id=2384, stack(0x000000002ea30000,0x000000002eb30000)]
  0x000000001a96a800 JavaThread "RMI TCP Connection(5)-127.0.0.1" daemon [_thread_in_native, id=13120, stack(0x000000002e780000,0x000000002e880000)]
  0x000000001a960000 JavaThread "Cache worker for execution history cache (C:\codekart\Aarka\android\.gradle\6.9\executionHistory)" [_thread_blocked, id=8736, stack(0x000000002df80000,0x000000002e080000)]
  0x000000001a967000 JavaThread "Execution worker for ':' Thread 3" [_thread_blocked, id=6392, stack(0x000000002db80000,0x000000002dc80000)]
  0x000000001a965800 JavaThread "Execution worker for ':' Thread 2" [_thread_blocked, id=2380, stack(0x000000002bb10000,0x000000002bc10000)]
  0x000000001a964800 JavaThread "Execution worker for ':'" [_thread_blocked, id=1976, stack(0x000000002ba10000,0x000000002bb10000)]
  0x000000001a961800 JavaThread "build event listener" [_thread_blocked, id=7884, stack(0x000000002b910000,0x000000002ba10000)]
  0x000000001d82a000 JavaThread "Build operations Thread 4" [_thread_blocked, id=11744, stack(0x000000001ec80000,0x000000001ed80000)]
  0x000000001d82e800 JavaThread "Build operations Thread 3" [_thread_blocked, id=8260, stack(0x000000001eb80000,0x000000001ec80000)]
  0x000000001d82b800 JavaThread "Build operations Thread 2" [_thread_blocked, id=1764, stack(0x000000001e880000,0x000000001e980000)]
  0x000000001d831000 JavaThread "Build operations" [_thread_blocked, id=8528, stack(0x000000001e080000,0x000000001e180000)]
  0x000000001d829800 JavaThread "Cache worker for Build Output Cleanup Cache (C:\codekart\Aarka\android\.gradle\buildOutputCleanup)" [_thread_blocked, id=9180, stack(0x000000001c890000,0x000000001c990000)]
  0x000000001d82d000 JavaThread "Cache worker for cache directory md-rule (C:\Users\adilr\.gradle\caches\6.9\md-rule)" [_thread_blocked, id=2252, stack(0x000000001c590000,0x000000001c690000)]
  0x000000001d82c800 JavaThread "Cache worker for cache directory md-supplier (C:\Users\adilr\.gradle\caches\6.9\md-supplier)" [_thread_blocked, id=2716, stack(0x000000001c490000,0x000000001c590000)]
  0x000000001d830000 JavaThread "Cache worker for checksums cache (C:\codekart\Aarka\android\.gradle\checksums)" [_thread_blocked, id=9816, stack(0x000000001c390000,0x000000001c490000)]
  0x000000001d82b000 JavaThread "Cache worker for file hash cache (C:\codekart\Aarka\android\.gradle\6.9\fileHashes)" [_thread_blocked, id=11620, stack(0x00000000198f0000,0x00000000199f0000)]
  0x000000001d822000 JavaThread "Daemon client event forwarder" [_thread_blocked, id=11636, stack(0x00000000195f0000,0x00000000196f0000)]
  0x000000001d828800 JavaThread "Stdin handler" [_thread_blocked, id=11748, stack(0x00000000194f0000,0x00000000195f0000)]
  0x000000001d828000 JavaThread "Asynchronous log dispatcher for DefaultDaemonConnection: socket connection from /127.0.0.1:64174 to /127.0.0.1:50217" [_thread_blocked, id=12356, stack(0x00000000193f0000,0x00000000194f0000)]
  0x000000001d81a800 JavaThread "Daemon worker Thread 4" [_thread_in_Java, id=3232, stack(0x00000000192f0000,0x00000000193f0000)]
  0x000000001d820800 JavaThread "Cancel handler" [_thread_blocked, id=11572, stack(0x0000000001150000,0x0000000001250000)]
  0x000000001d81f800 JavaThread "Handler for socket connection from /127.0.0.1:64174 to /127.0.0.1:50217" [_thread_in_native, id=4116, stack(0x0000000001050000,0x0000000001150000)]
  0x000000001d81d800 JavaThread "Daemon Thread 4" [_thread_blocked, id=4804, stack(0x0000000000f50000,0x0000000001050000)]
  0x000000001d81c000 JavaThread "RMI TCP Accept-0" daemon [_thread_in_native, id=9240, stack(0x000000001ee80000,0x000000001ef80000)]
  0x000000001d821000 JavaThread "RMI RenewClean-[127.0.0.1:17938,org.jetbrains.kotlin.daemon.common.LoopbackNetworkInterface$ClientLoopbackSocketFactory@39515353]" daemon [_thread_blocked, id=8240, stack(0x000000001ed80000,0x000000001ee80000)]
  0x000000001d827000 JavaThread "RMI Reaper" [_thread_blocked, id=12612, stack(0x000000002f490000,0x000000002f590000)]
  0x000000001d826800 JavaThread "RMI TCP Accept-0" daemon [_thread_in_native, id=6992, stack(0x000000002f390000,0x000000002f490000)]
  0x000000001d81f000 JavaThread "GC Daemon" daemon [_thread_blocked, id=10212, stack(0x000000002f290000,0x000000002f390000)]
  0x000000001d825800 JavaThread "RMI Scheduler(0)" daemon [_thread_blocked, id=7304, stack(0x000000002de80000,0x000000002df80000)]
  0x000000001d823800 JavaThread "Cache worker for Java compile cache (C:\Users\adilr\.gradle\caches\6.9\javaCompile)" [_thread_blocked, id=9932, stack(0x000000002e930000,0x000000002ea30000)]
  0x00000000267fa800 JavaThread "Device List Monitor" [_thread_in_native, id=3432, stack(0x000000002d880000,0x000000002d980000)]
  0x00000000267fc000 JavaThread "JdwpProxyConnection" [_thread_in_native, id=11896, stack(0x000000002d780000,0x000000002d880000)]
  0x0000000026800800 JavaThread "Monitor" [_thread_in_native, id=10536, stack(0x000000002bc10000,0x000000002bd10000)]
  0x000000001d386800 JavaThread "Memory manager" [_thread_blocked, id=12248, stack(0x0000000025580000,0x0000000025680000)]
  0x0000000016977000 JavaThread "Cache worker for file content cache (C:\Users\adilr\.gradle\caches\6.9\fileContent)" [_thread_blocked, id=3184, stack(0x000000001e180000,0x000000001e280000)]
  0x000000001610f800 JavaThread "Cache worker for execution history cache (C:\Users\adilr\.gradle\caches\6.9\executionHistory)" [_thread_blocked, id=12244, stack(0x000000001d980000,0x000000001da80000)]
  0x0000000016115000 JavaThread "Cache worker for journal cache (C:\Users\adilr\.gradle\caches\journal-1)" [_thread_blocked, id=5960, stack(0x000000001bd90000,0x000000001be90000)]
  0x0000000016114000 JavaThread "File lock request listener" [_thread_in_native, id=2288, stack(0x0000000019cf0000,0x0000000019df0000)]
  0x0000000016113800 JavaThread "Cache worker for file hash cache (C:\Users\adilr\.gradle\caches\6.9\fileHashes)" [_thread_blocked, id=10780, stack(0x0000000019bf0000,0x0000000019cf0000)]
  0x0000000017a4c000 JavaThread "Daemon periodic checks" [_thread_blocked, id=8552, stack(0x0000000018ff0000,0x00000000190f0000)]
  0x0000000017a4b000 JavaThread "Incoming local TCP Connector on port 64174" [_thread_in_native, id=8428, stack(0x0000000018db0000,0x0000000018eb0000)]
  0x00000000179f6800 JavaThread "Daemon health stats" [_thread_blocked, id=6160, stack(0x0000000018770000,0x0000000018870000)]
  0x00000000140be800 JavaThread "Service Thread" daemon [_thread_blocked, id=2736, stack(0x0000000015dd0000,0x0000000015ed0000)]
  0x0000000014073800 JavaThread "C1 CompilerThread2" daemon [_thread_blocked, id=4628, stack(0x00000000158d0000,0x00000000159d0000)]
=>0x0000000014065000 JavaThread "C2 CompilerThread1" daemon [_thread_in_native, id=5224, stack(0x00000000157d0000,0x00000000158d0000)]
  0x0000000014061000 JavaThread "C2 CompilerThread0" daemon [_thread_in_native, id=5708, stack(0x00000000156d0000,0x00000000157d0000)]
  0x000000001405f000 JavaThread "Attach Listener" daemon [_thread_blocked, id=5420, stack(0x00000000155d0000,0x00000000156d0000)]
  0x000000001405d800 JavaThread "Signal Dispatcher" daemon [_thread_blocked, id=4160, stack(0x00000000154d0000,0x00000000155d0000)]
  0x0000000002c1a800 JavaThread "Finalizer" daemon [_thread_blocked, id=6664, stack(0x00000000152c0000,0x00000000153c0000)]
  0x0000000002c11800 JavaThread "Reference Handler" daemon [_thread_blocked, id=10560, stack(0x00000000151c0000,0x00000000152c0000)]
  0x00000000009de800 JavaThread "main" [_thread_blocked, id=5964, stack(0x00000000029f0000,0x0000000002af0000)]

Other Threads:
  0x0000000014027800 VMThread [stack: 0x00000000150c0000,0x00000000151c0000] [id=9724]
  0x00000000140a6800 WatcherThread [stack: 0x0000000015ed0000,0x0000000015fd0000] [id=4608]

VM state:not at safepoint (normal execution)

VM Mutex/Monitor currently owned by a thread: None

heap address: 0x00000000e0000000, size: 512 MB, Compressed Oops mode: 32-bit
Narrow klass base: 0x0000000000000000, Narrow klass shift: 3
Compressed class space size: 1073741824 Address: 0x0000000100000000

Heap:
 PSYoungGen      total 137216K, used 31623K [0x00000000f5580000, 0x00000000ffb00000, 0x0000000100000000)
  eden space 103424K, 17% used [0x00000000f5580000,0x00000000f6774058,0x00000000fba80000)
  from space 33792K, 39% used [0x00000000fda00000,0x00000000fe6edc60,0x00000000ffb00000)
  to   space 32256K, 0% used [0x00000000fba80000,0x00000000fba80000,0x00000000fda00000)
 ParOldGen       total 337408K, used 126093K [0x00000000e0000000, 0x00000000f4980000, 0x00000000f5580000)
  object space 337408K, 37% used [0x00000000e0000000,0x00000000e7b236a0,0x00000000f4980000)
 Metaspace       used 108790K, capacity 116293K, committed 116480K, reserved 1150976K
  class space    used 14431K, capacity 15870K, committed 15872K, reserved 1048576K

Card table byte_map: [0x0000000011ff0000,0x0000000012100000] byte_map_base: 0x00000000118f0000

Marking Bits: (ParMarkBitMap*) 0x000000006a295ce0
 Begin Bits: [0x00000000125b0000, 0x0000000012db0000)
 End Bits:   [0x0000000012db0000, 0x00000000135b0000)

Polling page: 0x0000000002af0000

CodeCache: size=245760Kb used=62050Kb max_used=62115Kb free=183709Kb
 bounds [0x0000000002c30000, 0x0000000006950000, 0x0000000011c30000]
 total_blobs=18801 nmethods=17888 adapters=823
 compilation: enabled

Compilation events (10 events):
Event: 3921.406 Thread 0x0000000014073800 22327       3       com.sun.tools.javac.jvm.ClassReader$10::read (112 bytes)
Event: 3921.408 Thread 0x0000000014073800 nmethod 22327 0x0000000005bfee10 code [0x0000000005bff120, 0x0000000005c00928]
Event: 3921.409 Thread 0x0000000014073800 22328       3       com.sun.tools.javac.code.Types$SameTypeVisitor::visitArrayType (10 bytes)
Event: 3921.409 Thread 0x0000000014073800 nmethod 22328 0x00000000033ab190 code [0x00000000033ab300, 0x00000000033ab5e8]
Event: 3921.415 Thread 0x0000000014073800 22329       3       com.sun.tools.javac.api.MultiTaskListener::finished (42 bytes)
Event: 3921.416 Thread 0x0000000014073800 nmethod 22329 0x00000000035b73d0 code [0x00000000035b7540, 0x00000000035b7848]
Event: 3921.416 Thread 0x0000000014073800 22330   !   3       com.sun.tools.javac.api.ClientCodeWrapper$WrappedTaskListener::finished (37 bytes)
Event: 3921.416 Thread 0x0000000014073800 nmethod 22330 0x0000000003da5690 code [0x0000000003da5820, 0x0000000003da5c28]
Event: 3921.416 Thread 0x0000000014073800 22331       3       org.gradle.internal.compiler.java.ClassNameCollector::finished (56 bytes)
Event: 3921.418 Thread 0x0000000014073800 nmethod 22331 0x0000000004564d90 code [0x0000000004564fa0, 0x0000000004565a48]

GC Heap History (10 events):
Event: 3630.976 GC heap before
{Heap before GC invocations=32 (full 4):
 PSYoungGen      total 103424K, used 103214K [0x00000000f5580000, 0x00000000ffd00000, 0x0000000100000000)
  eden space 91648K, 100% used [0x00000000f5580000,0x00000000faf00000,0x00000000faf00000)
  from space 11776K, 98% used [0x00000000faf00000,0x00000000fba4b8a8,0x00000000fba80000)
  to   space 39936K, 0% used [0x00000000fd600000,0x00000000fd600000,0x00000000ffd00000)
 ParOldGen       total 337408K, used 93330K [0x00000000e0000000, 0x00000000f4980000, 0x00000000f5580000)
  object space 337408K, 27% used [0x00000000e0000000,0x00000000e5b24990,0x00000000f4980000)
 Metaspace       used 105396K, capacity 112549K, committed 112640K, reserved 1146880K
  class space    used 13961K, capacity 15326K, committed 15360K, reserved 1048576K
Event: 3631.132 GC heap after
Heap after GC invocations=32 (full 4):
 PSYoungGen      total 133120K, used 11059K [0x00000000f5580000, 0x0000000100000000, 0x0000000100000000)
  eden space 93184K, 0% used [0x00000000f5580000,0x00000000f5580000,0x00000000fb080000)
  from space 39936K, 27% used [0x00000000fd600000,0x00000000fe0cccd0,0x00000000ffd00000)
  to   space 38400K, 0% used [0x00000000fb080000,0x00000000fb080000,0x00000000fd600000)
 ParOldGen       total 337408K, used 97842K [0x00000000e0000000, 0x00000000f4980000, 0x00000000f5580000)
  object space 337408K, 28% used [0x00000000e0000000,0x00000000e5f8c8b0,0x00000000f4980000)
 Metaspace       used 105396K, capacity 112549K, committed 112640K, reserved 1146880K
  class space    used 13961K, capacity 15326K, committed 15360K, reserved 1048576K
}
Event: 3679.305 GC heap before
{Heap before GC invocations=33 (full 4):
 PSYoungGen      total 133120K, used 104243K [0x00000000f5580000, 0x0000000100000000, 0x0000000100000000)
  eden space 93184K, 100% used [0x00000000f5580000,0x00000000fb080000,0x00000000fb080000)
  from space 39936K, 27% used [0x00000000fd600000,0x00000000fe0cccd0,0x00000000ffd00000)
  to   space 38400K, 0% used [0x00000000fb080000,0x00000000fb080000,0x00000000fd600000)
 ParOldGen       total 337408K, used 97842K [0x00000000e0000000, 0x00000000f4980000, 0x00000000f5580000)
  object space 337408K, 28% used [0x00000000e0000000,0x00000000e5f8c8b0,0x00000000f4980000)
 Metaspace       used 106915K, capacity 114197K, committed 114432K, reserved 1148928K
  class space    used 14179K, capacity 15586K, committed 15616K, reserved 1048576K
Event: 3680.051 GC heap after
Heap after GC invocations=33 (full 4):
 PSYoungGen      total 131584K, used 13729K [0x00000000f5580000, 0x00000000ffb80000, 0x0000000100000000)
  eden space 93184K, 0% used [0x00000000f5580000,0x00000000f5580000,0x00000000fb080000)
  from space 38400K, 35% used [0x00000000fb080000,0x00000000fbde86e8,0x00000000fd600000)
  to   space 36864K, 0% used [0x00000000fd780000,0x00000000fd780000,0x00000000ffb80000)
 ParOldGen       total 337408K, used 102700K [0x00000000e0000000, 0x00000000f4980000, 0x00000000f5580000)
  object space 337408K, 30% used [0x00000000e0000000,0x00000000e644b350,0x00000000f4980000)
 Metaspace       used 106915K, capacity 114197K, committed 114432K, reserved 1148928K
  class space    used 14179K, capacity 15586K, committed 15616K, reserved 1048576K
}
Event: 3858.785 GC heap before
{Heap before GC invocations=34 (full 4):
 PSYoungGen      total 131584K, used 106913K [0x00000000f5580000, 0x00000000ffb80000, 0x0000000100000000)
  eden space 93184K, 100% used [0x00000000f5580000,0x00000000fb080000,0x00000000fb080000)
  from space 38400K, 35% used [0x00000000fb080000,0x00000000fbde86e8,0x00000000fd600000)
  to   space 36864K, 0% used [0x00000000fd780000,0x00000000fd780000,0x00000000ffb80000)
 ParOldGen       total 337408K, used 102700K [0x00000000e0000000, 0x00000000f4980000, 0x00000000f5580000)
  object space 337408K, 30% used [0x00000000e0000000,0x00000000e644b350,0x00000000f4980000)
 Metaspace       used 108430K, capacity 115891K, committed 115968K, reserved 1148928K
  class space    used 14411K, capacity 15847K, committed 15872K, reserved 1048576K
Event: 3859.016 GC heap after
Heap after GC invocations=34 (full 4):
 PSYoungGen      total 134144K, used 9769K [0x00000000f5580000, 0x00000000ffc80000, 0x0000000100000000)
  eden space 97280K, 0% used [0x00000000f5580000,0x00000000f5580000,0x00000000fb480000)
  from space 36864K, 26% used [0x00000000fd780000,0x00000000fe10a748,0x00000000ffb80000)
  to   space 35840K, 0% used [0x00000000fb480000,0x00000000fb480000,0x00000000fd780000)
 ParOldGen       total 337408K, used 104799K [0x00000000e0000000, 0x00000000f4980000, 0x00000000f5580000)
  object space 337408K, 31% used [0x00000000e0000000,0x00000000e6657f40,0x00000000f4980000)
 Metaspace       used 108430K, capacity 115891K, committed 115968K, reserved 1148928K
  class space    used 14411K, capacity 15847K, committed 15872K, reserved 1048576K
}
Event: 3864.715 GC heap before
{Heap before GC invocations=35 (full 4):
 PSYoungGen      total 134144K, used 107049K [0x00000000f5580000, 0x00000000ffc80000, 0x0000000100000000)
  eden space 97280K, 100% used [0x00000000f5580000,0x00000000fb480000,0x00000000fb480000)
  from space 36864K, 26% used [0x00000000fd780000,0x00000000fe10a748,0x00000000ffb80000)
  to   space 35840K, 0% used [0x00000000fb480000,0x00000000fb480000,0x00000000fd780000)
 ParOldGen       total 337408K, used 104799K [0x00000000e0000000, 0x00000000f4980000, 0x00000000f5580000)
  object space 337408K, 31% used [0x00000000e0000000,0x00000000e6657f40,0x00000000f4980000)
 Metaspace       used 108589K, capacity 116059K, committed 116224K, reserved 1148928K
  class space    used 14422K, capacity 15863K, committed 15872K, reserved 1048576K
Event: 3864.845 GC heap after
Heap after GC invocations=35 (full 4):
 PSYoungGen      total 133120K, used 14400K [0x00000000f5580000, 0x00000000ffb00000, 0x0000000100000000)
  eden space 97280K, 0% used [0x00000000f5580000,0x00000000f5580000,0x00000000fb480000)
  from space 35840K, 40% used [0x00000000fb480000,0x00000000fc290020,0x00000000fd780000)
  to   space 33792K, 0% used [0x00000000fda00000,0x00000000fda00000,0x00000000ffb00000)
 ParOldGen       total 337408K, used 112902K [0x00000000e0000000, 0x00000000f4980000, 0x00000000f5580000)
  object space 337408K, 33% used [0x00000000e0000000,0x00000000e6e41828,0x00000000f4980000)
 Metaspace       used 108589K, capacity 116059K, committed 116224K, reserved 1148928K
  class space    used 14422K, capacity 15863K, committed 15872K, reserved 1048576K
}
Event: 3921.012 GC heap before
{Heap before GC invocations=36 (full 4):
 PSYoungGen      total 133120K, used 111680K [0x00000000f5580000, 0x00000000ffb00000, 0x0000000100000000)
  eden space 97280K, 100% used [0x00000000f5580000,0x00000000fb480000,0x00000000fb480000)
  from space 35840K, 40% used [0x00000000fb480000,0x00000000fc290020,0x00000000fd780000)
  to   space 33792K, 0% used [0x00000000fda00000,0x00000000fda00000,0x00000000ffb00000)
 ParOldGen       total 337408K, used 112902K [0x00000000e0000000, 0x00000000f4980000, 0x00000000f5580000)
  object space 337408K, 33% used [0x00000000e0000000,0x00000000e6e41828,0x00000000f4980000)
 Metaspace       used 108769K, capacity 116225K, committed 116480K, reserved 1150976K
  class space    used 14431K, capacity 15870K, committed 15872K, reserved 1048576K
Event: 3921.138 GC heap after
Heap after GC invocations=36 (full 4):
 PSYoungGen      total 137216K, used 13239K [0x00000000f5580000, 0x00000000ffb00000, 0x0000000100000000)
  eden space 103424K, 0% used [0x00000000f5580000,0x00000000f5580000,0x00000000fba80000)
  from space 33792K, 39% used [0x00000000fda00000,0x00000000fe6edc60,0x00000000ffb00000)
  to   space 32256K, 0% used [0x00000000fba80000,0x00000000fba80000,0x00000000fda00000)
 ParOldGen       total 337408K, used 126093K [0x00000000e0000000, 0x00000000f4980000, 0x00000000f5580000)
  object space 337408K, 37% used [0x00000000e0000000,0x00000000e7b236a0,0x00000000f4980000)
 Metaspace       used 108769K, capacity 116225K, committed 116480K, reserved 1150976K
  class space    used 14431K, capacity 15870K, committed 15872K, reserved 1048576K
}

Deoptimization events (10 events):
Event: 3921.156 Thread 0x000000001d81a800 Uncommon trap: reason=array_check action=maybe_recompile pc=0x00000000041b8380 method=java.util.ComparableTimSort.mergeHi(IIII)V @ 415
Event: 3921.156 Thread 0x000000001d81a800 Uncommon trap: reason=array_check action=maybe_recompile pc=0x0000000003c386c0 method=java.util.ComparableTimSort.mergeLo(IIII)V @ 240
Event: 3921.156 Thread 0x000000001d81a800 Uncommon trap: reason=array_check action=maybe_recompile pc=0x0000000003c386c0 method=java.util.ComparableTimSort.mergeLo(IIII)V @ 240
Event: 3921.159 Thread 0x000000001d81a800 Uncommon trap: reason=array_check action=maybe_recompile pc=0x00000000041b8380 method=java.util.ComparableTimSort.mergeHi(IIII)V @ 415
Event: 3921.223 Thread 0x000000001d81a800 Uncommon trap: reason=array_check action=maybe_recompile pc=0x00000000040d2d4c method=java.util.ComparableTimSort.mergeHi(IIII)V @ 171
Event: 3921.223 Thread 0x000000001d81a800 Uncommon trap: reason=array_check action=maybe_recompile pc=0x00000000040d29dc method=java.util.ComparableTimSort.mergeHi(IIII)V @ 521
Event: 3921.225 Thread 0x000000001d81a800 Uncommon trap: reason=array_check action=maybe_recompile pc=0x00000000040d29dc method=java.util.ComparableTimSort.mergeHi(IIII)V @ 521
Event: 3921.226 Thread 0x000000001d81a800 Uncommon trap: reason=array_check action=maybe_recompile pc=0x000000000471755c method=java.util.ComparableTimSort.mergeLo(IIII)V @ 371
Event: 3921.230 Thread 0x000000001d81a800 Uncommon trap: reason=array_check action=maybe_recompile pc=0x000000000471755c method=java.util.ComparableTimSort.mergeLo(IIII)V @ 371
Event: 3921.340 Thread 0x000000001d81a800 Uncommon trap: reason=unstable_if action=reinterpret pc=0x0000000005f8a91c method=com.sun.tools.javac.comp.Resolve.selectBest(Lcom/sun/tools/javac/comp/Env;Lcom/sun/tools/javac/code/Type;Lcom/sun/tools/javac/util/List;Lcom/sun/tools/javac/util/List;Lcom/s

Classes redefined (0 events):
No events

Internal exceptions (10 events):
Event: 3920.055 Thread 0x000000001a96d000 Exception <a 'sun/nio/fs/WindowsException'> (0x00000000f95ec928) thrown at [C:\re\workspace\8-2-build-windows-amd64-cygwin\jdk8u221\13320\hotspot\src\share\vm\prims\jni.cpp, line 710]
Event: 3920.701 Thread 0x000000001a965800 Exception <a 'sun/nio/fs/WindowsException'> (0x00000000fb00e828) thrown at [C:\re\workspace\8-2-build-windows-amd64-cygwin\jdk8u221\13320\hotspot\src\share\vm\prims\jni.cpp, line 710]
Event: 3920.701 Thread 0x000000001a965800 Exception <a 'sun/nio/fs/WindowsException'> (0x00000000fb00fc98) thrown at [C:\re\workspace\8-2-build-windows-amd64-cygwin\jdk8u221\13320\hotspot\src\share\vm\prims\jni.cpp, line 710]
Event: 3920.707 Thread 0x000000001a96d000 Exception <a 'sun/nio/fs/WindowsException'> (0x00000000fb028888) thrown at [C:\re\workspace\8-2-build-windows-amd64-cygwin\jdk8u221\13320\hotspot\src\share\vm\prims\jni.cpp, line 710]
Event: 3920.707 Thread 0x000000001a96d000 Exception <a 'sun/nio/fs/WindowsException'> (0x00000000fb028ed8) thrown at [C:\re\workspace\8-2-build-windows-amd64-cygwin\jdk8u221\13320\hotspot\src\share\vm\prims\jni.cpp, line 710]
Event: 3920.707 Thread 0x000000001a96d000 Exception <a 'sun/nio/fs/WindowsException'> (0x00000000fb029730) thrown at [C:\re\workspace\8-2-build-windows-amd64-cygwin\jdk8u221\13320\hotspot\src\share\vm\prims\jni.cpp, line 710]
Event: 3920.708 Thread 0x000000001a96d000 Exception <a 'sun/nio/fs/WindowsException'> (0x00000000fb02a120) thrown at [C:\re\workspace\8-2-build-windows-amd64-cygwin\jdk8u221\13320\hotspot\src\share\vm\prims\jni.cpp, line 710]
Event: 3920.709 Thread 0x000000001a967000 Exception <a 'sun/nio/fs/WindowsException'> (0x00000000fb044ad8) thrown at [C:\re\workspace\8-2-build-windows-amd64-cygwin\jdk8u221\13320\hotspot\src\share\vm\prims\jni.cpp, line 710]
Event: 3920.710 Thread 0x000000001a967000 Exception <a 'sun/nio/fs/WindowsException'> (0x00000000fb045f68) thrown at [C:\re\workspace\8-2-build-windows-amd64-cygwin\jdk8u221\13320\hotspot\src\share\vm\prims\jni.cpp, line 710]
Event: 3920.711 Thread 0x000000001a95f800 Exception <a 'sun/nio/fs/WindowsException'> (0x00000000fb0227d8) thrown at [C:\re\workspace\8-2-build-windows-amd64-cygwin\jdk8u221\13320\hotspot\src\share\vm\prims\jni.cpp, line 710]

Events (10 events):
Event: 3921.226 Thread 0x000000001d81a800 DEOPT PACKING pc=0x000000000471755c sp=0x00000000193e5bc0
Event: 3921.226 Thread 0x000000001d81a800 DEOPT UNPACKING pc=0x0000000002c7583b sp=0x00000000193e5ba0 mode 2
Event: 3921.230 Thread 0x000000001d81a800 Uncommon trap: trap_request=0xffffffd6 fr.pc=0x000000000471755c
Event: 3921.230 Thread 0x000000001d81a800 DEOPT PACKING pc=0x000000000471755c sp=0x00000000193e5bc0
Event: 3921.230 Thread 0x000000001d81a800 DEOPT UNPACKING pc=0x0000000002c7583b sp=0x00000000193e5ba0 mode 2
Event: 3921.332 Thread 0x000000001d81a800 DEOPT PACKING pc=0x0000000003f1134f sp=0x00000000193e5110
Event: 3921.332 Thread 0x000000001d81a800 DEOPT UNPACKING pc=0x0000000002c77890 sp=0x00000000193e4f18 mode 0
Event: 3921.340 Thread 0x000000001d81a800 Uncommon trap: trap_request=0xffffff65 fr.pc=0x0000000005f8a91c
Event: 3921.340 Thread 0x000000001d81a800 DEOPT PACKING pc=0x0000000005f8a91c sp=0x00000000193e53a0
Event: 3921.340 Thread 0x000000001d81a800 DEOPT UNPACKING pc=0x0000000002c7583b sp=0x00000000193e5350 mode 2


Dynamic libraries:
0x00007ff60f040000 - 0x00007ff60f077000 	C:\Program Files\Java\jdk1.8.0_221\bin\java.exe
0x00007ffc29730000 - 0x00007ffc29925000 	C:\WINDOWS\SYSTEM32\ntdll.dll
0x00007ffc27920000 - 0x00007ffc279de000 	C:\WINDOWS\System32\KERNEL32.DLL
0x00007ffc26e80000 - 0x00007ffc27148000 	C:\WINDOWS\System32\KERNELBASE.dll
0x00007ffc28350000 - 0x00007ffc283fe000 	C:\WINDOWS\System32\ADVAPI32.dll
0x00007ffc28a60000 - 0x00007ffc28afe000 	C:\WINDOWS\System32\msvcrt.dll
0x00007ffc28400000 - 0x00007ffc2849c000 	C:\WINDOWS\System32\sechost.dll
0x00007ffc28930000 - 0x00007ffc28a55000 	C:\WINDOWS\System32\RPCRT4.dll
0x00007ffc279e0000 - 0x00007ffc27b80000 	C:\WINDOWS\System32\USER32.dll
0x00007ffc27310000 - 0x00007ffc27332000 	C:\WINDOWS\System32\win32u.dll
0x00007ffc28830000 - 0x00007ffc2885a000 	C:\WINDOWS\System32\GDI32.dll
0x00007ffc27150000 - 0x00007ffc2725b000 	C:\WINDOWS\System32\gdi32full.dll
0x00007ffc27340000 - 0x00007ffc273dd000 	C:\WINDOWS\System32\msvcp_win.dll
0x00007ffc27690000 - 0x00007ffc27790000 	C:\WINDOWS\System32\ucrtbase.dll
0x00007ffc13360000 - 0x00007ffc135fa000 	C:\WINDOWS\WinSxS\amd64_microsoft.windows.common-controls_6595b64144ccf1df_6.0.19041.1110_none_60b5254171f9507e\COMCTL32.dll
0x00007ffc29290000 - 0x00007ffc292c0000 	C:\WINDOWS\System32\IMM32.DLL
0x000000006a320000 - 0x000000006a3f2000 	C:\Program Files\Java\jdk1.8.0_221\jre\bin\msvcr100.dll
0x0000000069a70000 - 0x000000006a315000 	C:\Program Files\Java\jdk1.8.0_221\jre\bin\server\jvm.dll
0x00007ffc28670000 - 0x00007ffc28678000 	C:\WINDOWS\System32\PSAPI.DLL
0x00007ffbd2570000 - 0x00007ffbd2579000 	C:\WINDOWS\SYSTEM32\WSOCK32.dll
0x00007ffc11d90000 - 0x00007ffc11db7000 	C:\WINDOWS\SYSTEM32\WINMM.dll
0x00007ffc292c0000 - 0x00007ffc2932b000 	C:\WINDOWS\System32\WS2_32.dll
0x00007ffc1f0f0000 - 0x00007ffc1f0fa000 	C:\WINDOWS\SYSTEM32\VERSION.dll
0x00007ffbd2560000 - 0x00007ffbd256f000 	C:\Program Files\Java\jdk1.8.0_221\jre\bin\verify.dll
0x00007ffbd2120000 - 0x00007ffbd2149000 	C:\Program Files\Java\jdk1.8.0_221\jre\bin\java.dll
0x00007ffbc3530000 - 0x00007ffbc3546000 	C:\Program Files\Java\jdk1.8.0_221\jre\bin\zip.dll
0x00007ffc27c00000 - 0x00007ffc28344000 	C:\WINDOWS\System32\SHELL32.dll
0x00007ffc24f50000 - 0x00007ffc256e4000 	C:\WINDOWS\SYSTEM32\windows.storage.dll
0x00007ffc29390000 - 0x00007ffc296e4000 	C:\WINDOWS\System32\combase.dll
0x00007ffc267f0000 - 0x00007ffc2681c000 	C:\WINDOWS\SYSTEM32\Wldp.dll
0x00007ffc284b0000 - 0x00007ffc2855d000 	C:\WINDOWS\System32\SHCORE.dll
0x00007ffc28560000 - 0x00007ffc285b5000 	C:\WINDOWS\System32\shlwapi.dll
0x00007ffc26d90000 - 0x00007ffc26daf000 	C:\WINDOWS\SYSTEM32\profapi.dll
0x00007ffbc3510000 - 0x00007ffbc352a000 	C:\Program Files\Java\jdk1.8.0_221\jre\bin\net.dll
0x00007ffc173c0000 - 0x00007ffc175ac000 	C:\WINDOWS\SYSTEM32\urlmon.dll
0x00007ffc17ae0000 - 0x00007ffc17d91000 	C:\WINDOWS\SYSTEM32\iertutil.dll
0x00007ffc17390000 - 0x00007ffc173b8000 	C:\WINDOWS\SYSTEM32\srvcli.dll
0x00007ffc26350000 - 0x00007ffc2635c000 	C:\WINDOWS\SYSTEM32\netutils.dll
0x00007ffc26550000 - 0x00007ffc265ba000 	C:\WINDOWS\system32\mswsock.dll
0x00007ffbc1190000 - 0x00007ffbc11a2000 	C:\Program Files\Java\jdk1.8.0_221\jre\bin\nio.dll
0x00007ffbc1160000 - 0x00007ffbc1187000 	C:\Users\adilr\.gradle\native\49d0259a56938c7f99b2704e745ce422c4f750a7a20b539a32ccef96729676b1\windows-amd64\native-platform.dll
0x00007ffbbad70000 - 0x00007ffbbaf06000 	C:\Users\adilr\.gradle\native\12488b8bf47d2d4c9fbf2f6322a914ad602e24e48041cd04a747c6da556b65c4\windows-amd64\native-platform-file-events.dll
0x00007ffbcccb0000 - 0x00007ffbcccbd000 	C:\Program Files\Java\jdk1.8.0_221\jre\bin\management.dll
0x00007ffc26740000 - 0x00007ffc26758000 	C:\WINDOWS\SYSTEM32\CRYPTSP.dll
0x00007ffc25ed0000 - 0x00007ffc25f04000 	C:\WINDOWS\system32\rsaenh.dll
0x00007ffc26e50000 - 0x00007ffc26e77000 	C:\WINDOWS\System32\bcrypt.dll
0x00007ffc26d10000 - 0x00007ffc26d3e000 	C:\WINDOWS\SYSTEM32\USERENV.dll
0x00007ffc273e0000 - 0x00007ffc27462000 	C:\WINDOWS\System32\bcryptprimitives.dll
0x00007ffc26760000 - 0x00007ffc2676c000 	C:\WINDOWS\SYSTEM32\CRYPTBASE.dll
0x00007ffc26240000 - 0x00007ffc2627b000 	C:\WINDOWS\SYSTEM32\IPHLPAPI.DLL
0x00007ffc284a0000 - 0x00007ffc284a8000 	C:\WINDOWS\System32\NSI.dll
0x00007ffc1e6e0000 - 0x00007ffc1e6f7000 	C:\WINDOWS\SYSTEM32\dhcpcsvc6.DLL
0x00007ffc1f140000 - 0x00007ffc1f15d000 	C:\WINDOWS\SYSTEM32\dhcpcsvc.DLL
0x00007ffc26280000 - 0x00007ffc2634b000 	C:\WINDOWS\SYSTEM32\DNSAPI.dll
0x00007ffc17380000 - 0x00007ffc1738a000 	C:\Windows\System32\rasadhlp.dll
0x00007ffc17700000 - 0x00007ffc1777f000 	C:\WINDOWS\System32\fwpuclnt.dll
0x00007ffc25b60000 - 0x00007ffc25b93000 	C:\WINDOWS\SYSTEM32\ntmarta.dll
0x00007ffc222f0000 - 0x00007ffc2230e000 	C:\Users\adilr\AppData\Local\Temp\native-platform4763316191078108251dir\native-platform.dll
0x00007ffc21ce0000 - 0x00007ffc21cfe000 	C:\Users\adilr\AppData\Local\Temp\native-platform8666284697266912250dir\native-platform.dll

VM Arguments:
jvm_args: -XX:MaxMetaspaceSize=256m -XX:+HeapDumpOnOutOfMemoryError -Xms256m -Xmx512m -Dfile.encoding=windows-1252 -Duser.country=IN -Duser.language=en -Duser.variant 
java_command: org.gradle.launcher.daemon.bootstrap.GradleDaemon 6.9
java_class_path (initial): C:\Users\adilr\.gradle\wrapper\dists\gradle-6.9-all\dooywd8nv05k16orzxge2b1bs\gradle-6.9\lib\gradle-launcher-6.9.jar
Launcher Type: SUN_STANDARD

Environment Variables:
JAVA_HOME=C:\Program Files\Java\jdk1.8.0_221
CLASSPATH=C:\codekart\Aarka\android\\gradle\wrapper\gradle-wrapper.jar
PATH=C:\codekart\Aarka\android\node_modules\.bin;C:\codekart\Aarka\node_modules\.bin;C:\codekart\node_modules\.bin;C:\node_modules\.bin;C:\Program Files\nodejs;C:\Program Files (x86)\Common Files\Oracle\Java\javapath;C:\WINDOWS\system32;C:\WINDOWS;C:\WINDOWS\System32\Wbem;C:\WINDOWS\System32\WindowsPowerShell\v1.0\;C:\WINDOWS\System32\OpenSSH\;C:\Program Files\Git\cmd;C:\Program Files\nodejs\;C:\ProgramData\chocolatey\bin;C:\Program Files\Java\jdk1.8.0_221\bin;C:\Users\adilr\AppData\Local\Microsoft\WindowsApps;C:\Users\adilr\AppData\Local\Programs\Microsoft VS Code\bin;C:\Users\adilr\AppData\Local\GitHubDesktop\bin;C:\Users\adilr\AppData\Roaming\npm;C:\Users\adilr\AppData\Local\Android\Sdk\platform-tools;C:\Program Files\heroku\bin
USERNAME=adilr
OS=Windows_NT
PROCESSOR_IDENTIFIER=Intel64 Family 6 Model 142 Stepping 9, GenuineIntel



---------------  S Y S T E M  ---------------

OS: Windows 10.0 , 64 bit Build 19041 (10.0.19041.1645)

CPU:total 4 (initial active 4) (2 cores per cpu, 2 threads per core) family 6 model 142 stepping 9, cmov, cx8, fxsr, mmx, sse, sse2, sse3, ssse3, sse4.1, sse4.2, popcnt, avx, avx2, aes, clmul, erms, 3dnowpref, lzcnt, ht, tsc, tscinvbit, bmi1, bmi2, adx

Memory: 4k page, physical 4069876k(228200k free), swap 16652788k(180k free)

vm_info: Java HotSpot(TM) 64-Bit Server VM (25.221-b11) for windows-amd64 JRE (1.8.0_221-b11), built on Jul  4 2019 04:39:29 by "java_re" with MS VC++ 10.0 (VS2010)

time: Sun Apr 17 23:37:53 2022
timezone: India Standard Time
elapsed time: 3921 seconds (0d 1h 5m 21s)

