#
# There is insufficient memory for the Java Runtime Environment to continue.
# Native memory allocation (malloc) failed to allocate 262160 bytes for Chunk::new
# Possible reasons:
#   The system is out of physical RAM or swap space
#   The process is running with CompressedOops enabled, and the Java Heap may be blocking the growth of the native heap
# Possible solutions:
#   Reduce memory load on the system
#   Increase physical memory or swap space
#   Check if swap backing store is full
#   Decrease Java heap size (-Xmx/-Xms)
#   Decrease number of Java threads
#   Decrease Java thread stack sizes (-Xss)
#   Set larger code cache with -XX:ReservedCodeCacheSize=
#   JVM is running with Unscaled Compressed Oops mode in which the Java heap is
#     placed in the first 4GB address space. The Java Heap base address is the
#     maximum limit for the native heap growth. Please use -XX:HeapBaseMinAddress
#     to set the Java Heap base and to place the Java Heap above 4GB virtual address.
# This output file may be truncated or incomplete.
#
#  Out of Memory Error (allocation.cpp:389), pid=2152, tid=0x00000000000017f8
#
# JRE version: Java(TM) SE Runtime Environment (8.0_221-b11) (build 1.8.0_221-b11)
# Java VM: Java HotSpot(TM) 64-Bit Server VM (25.221-b11 mixed mode windows-amd64 compressed oops)
# Failed to write core dump. Minidumps are not enabled by default on client versions of Windows
#

---------------  T H R E A D  ---------------

Current thread (0x00000000156c8800):  JavaThread "C2 CompilerThread1" daemon [_thread_in_native, id=6136, stack(0x0000000016e30000,0x0000000016f30000)]

Stack: [0x0000000016e30000,0x0000000016f30000]
[error occurred during error reporting (printing stack bounds), id 0xc0000005]

Native frames: (J=compiled Java code, j=interpreted, Vv=VM code, C=native code)


Current CompileTask:
C2:  22913 10362       4       org.jetbrains.kotlin.load.kotlin.DescriptorBasedTypeSignatureMappingKt::mapType (952 bytes)


---------------  P R O C E S S  ---------------

Java Threads: ( => current thread )
  0x000000001705b800 JavaThread "Service Thread" daemon [_thread_blocked, id=5408, stack(0x0000000017430000,0x0000000017530000)]
  0x00000000156f2000 JavaThread "C1 CompilerThread2" daemon [_thread_blocked, id=11784, stack(0x0000000016f30000,0x0000000017030000)]
=>0x00000000156c8800 JavaThread "C2 CompilerThread1" daemon [_thread_in_native, id=6136, stack(0x0000000016e30000,0x0000000016f30000)]
  0x00000000156c4800 JavaThread "C2 CompilerThread0" daemon [_thread_in_native, id=680, stack(0x0000000016d30000,0x0000000016e30000)]
  0x00000000156bf800 JavaThread "Attach Listener" daemon [_thread_blocked, id=3308, stack(0x0000000016c30000,0x0000000016d30000)]
  0x00000000156be000 JavaThread "Signal Dispatcher" daemon [_thread_blocked, id=11048, stack(0x0000000016b30000,0x0000000016c30000)]
  0x00000000030fb800 JavaThread "Finalizer" daemon [_thread_blocked, id=8928, stack(0x0000000016930000,0x0000000016a30000)]
  0x00000000156aa000 JavaThread "Reference Handler" daemon [_thread_blocked, id=9668, stack(0x0000000016830000,0x0000000016930000)]
  0x0000000003002800 JavaThread "main" [_thread_in_Java, id=9880, stack(0x0000000002f00000,0x0000000003000000)]

Other Threads:
  0x0000000015688000 VMThread [stack: 0x0000000016730000,0x0000000016830000] [id=3684]
  0x000000001705c800 WatcherThread [stack: 0x0000000017530000,0x0000000017630000] [id=8656]

VM state:not at safepoint (normal execution)

VM Mutex/Monitor currently owned by a thread: None

heap address: 0x00000000c1e00000, size: 994 MB, Compressed Oops mode: 32-bit
Narrow klass base: 0x0000000000000000, Narrow klass shift: 3
Compressed class space size: 1073741824 Address: 0x0000000100000000

Heap:
 PSYoungGen      total 128000K, used 16732K [0x00000000eb500000, 0x00000000f6400000, 0x0000000100000000)
  eden space 93184K, 17% used [0x00000000eb500000,0x00000000ec5573d0,0x00000000f1000000)
  from space 34816K, 0% used [0x00000000f1000000,0x00000000f1000000,0x00000000f3200000)
  to   space 32768K, 0% used [0x00000000f4400000,0x00000000f4400000,0x00000000f6400000)
 ParOldGen       total 84992K, used 69484K [0x00000000c1e00000, 0x00000000c7100000, 0x00000000eb500000)
  object space 84992K, 81% used [0x00000000c1e00000,0x00000000c61db200,0x00000000c7100000)
 Metaspace       used 58003K, capacity 59196K, committed 59284K, reserved 1101824K
  class space    used 6881K, capacity 7160K, committed 7168K, reserved 1048576K

Card table byte_map: [0x00000000124c0000,0x00000000126c0000] byte_map_base: 0x0000000011eb1000

Marking Bits: (ParMarkBitMap*) 0x000000006a295ce0
 Begin Bits: [0x0000000012c10000, 0x0000000013b98000)
 End Bits:   [0x0000000013b98000, 0x0000000014b20000)

Polling page: 0x0000000001230000

CodeCache: size=245760Kb used=40695Kb max_used=40695Kb free=205064Kb
 bounds [0x0000000003100000, 0x00000000058e0000, 0x0000000012100000]
 total_blobs=9583 nmethods=9047 adapters=445
 compilation: enabled

Compilation events (10 events):
Event: 22.879 Thread 0x00000000156f2000 10430       3       org.jetbrains.kotlin.psi.KtValueArgument::accept (15 bytes)
Event: 22.879 Thread 0x00000000156f2000 nmethod 10430 0x00000000058dcd50 code [0x00000000058dcec0, 0x00000000058dd178]
Event: 22.879 Thread 0x00000000156f2000 10431       3       org.jetbrains.kotlin.psi.KtVisitor::visitArgument (16 bytes)
Event: 22.880 Thread 0x00000000156f2000 nmethod 10431 0x00000000058dd250 code [0x00000000058dd3c0, 0x00000000058dd658]
Event: 22.880 Thread 0x00000000156f2000 10432       3       org.jetbrains.kotlin.psi.KtValueArgumentList::accept (15 bytes)
Event: 22.880 Thread 0x00000000156f2000 nmethod 10432 0x00000000058dd710 code [0x00000000058dd880, 0x00000000058ddb38]
Event: 22.897 Thread 0x00000000156f2000 10433       3       org.jetbrains.kotlin.psi.KtVisitor::visitBlockExpression (16 bytes)
Event: 22.898 Thread 0x00000000156f2000 nmethod 10433 0x00000000058ddc10 code [0x00000000058ddd80, 0x00000000058de018]
Event: 22.903 Thread 0x00000000156f2000 10435       1       org.jetbrains.kotlin.load.kotlin.JvmPackagePartSource::getClassName (5 bytes)
Event: 22.903 Thread 0x00000000156f2000 nmethod 10435 0x00000000058de0d0 code [0x00000000058de220, 0x00000000058de330]

GC Heap History (10 events):
Event: 11.743 GC heap before
{Heap before GC invocations=12 (full 2):
 PSYoungGen      total 82432K, used 76672K [0x00000000eb500000, 0x00000000f2b80000, 0x0000000100000000)
  eden space 63488K, 100% used [0x00000000eb500000,0x00000000ef300000,0x00000000ef300000)
  from space 18944K, 69% used [0x00000000ef300000,0x00000000effe0230,0x00000000f0580000)
  to   space 19456K, 0% used [0x00000000f1880000,0x00000000f1880000,0x00000000f2b80000)
 ParOldGen       total 84992K, used 31149K [0x00000000c1e00000, 0x00000000c7100000, 0x00000000eb500000)
  object space 84992K, 36% used [0x00000000c1e00000,0x00000000c3c6b430,0x00000000c7100000)
 Metaspace       used 45531K, capacity 46270K, committed 46720K, reserved 1089536K
  class space    used 5498K, capacity 5685K, committed 5760K, reserved 1048576K
Event: 11.770 GC heap after
Heap after GC invocations=12 (full 2):
 PSYoungGen      total 98816K, used 19425K [0x00000000eb500000, 0x00000000f2f80000, 0x0000000100000000)
  eden space 79360K, 0% used [0x00000000eb500000,0x00000000eb500000,0x00000000f0280000)
  from space 19456K, 99% used [0x00000000f1880000,0x00000000f2b784d8,0x00000000f2b80000)
  to   space 22528K, 0% used [0x00000000f0280000,0x00000000f0280000,0x00000000f1880000)
 ParOldGen       total 84992K, used 31724K [0x00000000c1e00000, 0x00000000c7100000, 0x00000000eb500000)
  object space 84992K, 37% used [0x00000000c1e00000,0x00000000c3cfb0a8,0x00000000c7100000)
 Metaspace       used 45531K, capacity 46270K, committed 46720K, reserved 1089536K
  class space    used 5498K, capacity 5685K, committed 5760K, reserved 1048576K
}
Event: 13.502 GC heap before
{Heap before GC invocations=13 (full 2):
 PSYoungGen      total 98816K, used 98785K [0x00000000eb500000, 0x00000000f2f80000, 0x0000000100000000)
  eden space 79360K, 100% used [0x00000000eb500000,0x00000000f0280000,0x00000000f0280000)
  from space 19456K, 99% used [0x00000000f1880000,0x00000000f2b784d8,0x00000000f2b80000)
  to   space 22528K, 0% used [0x00000000f0280000,0x00000000f0280000,0x00000000f1880000)
 ParOldGen       total 84992K, used 31724K [0x00000000c1e00000, 0x00000000c7100000, 0x00000000eb500000)
  object space 84992K, 37% used [0x00000000c1e00000,0x00000000c3cfb0a8,0x00000000c7100000)
 Metaspace       used 47375K, capacity 48212K, committed 48512K, reserved 1091584K
  class space    used 5693K, capacity 5894K, committed 6016K, reserved 1048576K
Event: 13.551 GC heap after
Heap after GC invocations=13 (full 2):
 PSYoungGen      total 101888K, used 22504K [0x00000000eb500000, 0x00000000f4d80000, 0x0000000100000000)
  eden space 79360K, 0% used [0x00000000eb500000,0x00000000eb500000,0x00000000f0280000)
  from space 22528K, 99% used [0x00000000f0280000,0x00000000f187a140,0x00000000f1880000)
  to   space 28160K, 0% used [0x00000000f3200000,0x00000000f3200000,0x00000000f4d80000)
 ParOldGen       total 84992K, used 38732K [0x00000000c1e00000, 0x00000000c7100000, 0x00000000eb500000)
  object space 84992K, 45% used [0x00000000c1e00000,0x00000000c43d3188,0x00000000c7100000)
 Metaspace       used 47375K, capacity 48212K, committed 48512K, reserved 1091584K
  class space    used 5693K, capacity 5894K, committed 6016K, reserved 1048576K
}
Event: 16.654 GC heap before
{Heap before GC invocations=14 (full 2):
 PSYoungGen      total 101888K, used 101864K [0x00000000eb500000, 0x00000000f4d80000, 0x0000000100000000)
  eden space 79360K, 100% used [0x00000000eb500000,0x00000000f0280000,0x00000000f0280000)
  from space 22528K, 99% used [0x00000000f0280000,0x00000000f187a140,0x00000000f1880000)
  to   space 28160K, 0% used [0x00000000f3200000,0x00000000f3200000,0x00000000f4d80000)
 ParOldGen       total 84992K, used 38732K [0x00000000c1e00000, 0x00000000c7100000, 0x00000000eb500000)
  object space 84992K, 45% used [0x00000000c1e00000,0x00000000c43d3188,0x00000000c7100000)
 Metaspace       used 54921K, capacity 56046K, committed 56320K, reserved 1099776K
  class space    used 6608K, capacity 6891K, committed 6912K, reserved 1048576K
Event: 16.707 GC heap after
Heap after GC invocations=14 (full 2):
 PSYoungGen      total 121344K, used 28151K [0x00000000eb500000, 0x00000000f5900000, 0x0000000100000000)
  eden space 93184K, 0% used [0x00000000eb500000,0x00000000eb500000,0x00000000f1000000)
  from space 28160K, 99% used [0x00000000f3200000,0x00000000f4d7df50,0x00000000f4d80000)
  to   space 34816K, 0% used [0x00000000f1000000,0x00000000f1000000,0x00000000f3200000)
 ParOldGen       total 84992K, used 46085K [0x00000000c1e00000, 0x00000000c7100000, 0x00000000eb500000)
  object space 84992K, 54% used [0x00000000c1e00000,0x00000000c4b01428,0x00000000c7100000)
 Metaspace       used 54921K, capacity 56046K, committed 56320K, reserved 1099776K
  class space    used 6608K, capacity 6891K, committed 6912K, reserved 1048576K
}
Event: 20.809 GC heap before
{Heap before GC invocations=15 (full 2):
 PSYoungGen      total 121344K, used 89669K [0x00000000eb500000, 0x00000000f5900000, 0x0000000100000000)
  eden space 93184K, 66% used [0x00000000eb500000,0x00000000ef113660,0x00000000f1000000)
  from space 28160K, 99% used [0x00000000f3200000,0x00000000f4d7df50,0x00000000f4d80000)
  to   space 34816K, 0% used [0x00000000f1000000,0x00000000f1000000,0x00000000f3200000)
 ParOldGen       total 84992K, used 46085K [0x00000000c1e00000, 0x00000000c7100000, 0x00000000eb500000)
  object space 84992K, 54% used [0x00000000c1e00000,0x00000000c4b01428,0x00000000c7100000)
 Metaspace       used 57791K, capacity 58978K, committed 59028K, reserved 1101824K
  class space    used 6873K, capacity 7157K, committed 7168K, reserved 1048576K
Event: 20.874 GC heap after
Heap after GC invocations=15 (full 2):
 PSYoungGen      total 128000K, used 15264K [0x00000000eb500000, 0x00000000f6400000, 0x0000000100000000)
  eden space 93184K, 0% used [0x00000000eb500000,0x00000000eb500000,0x00000000f1000000)
  from space 34816K, 43% used [0x00000000f1000000,0x00000000f1ee81d0,0x00000000f3200000)
  to   space 32768K, 0% used [0x00000000f4400000,0x00000000f4400000,0x00000000f6400000)
 ParOldGen       total 84992K, used 63252K [0x00000000c1e00000, 0x00000000c7100000, 0x00000000eb500000)
  object space 84992K, 74% used [0x00000000c1e00000,0x00000000c5bc5380,0x00000000c7100000)
 Metaspace       used 57791K, capacity 58978K, committed 59028K, reserved 1101824K
  class space    used 6873K, capacity 7157K, committed 7168K, reserved 1048576K
}
Event: 20.874 GC heap before
{Heap before GC invocations=16 (full 3):
 PSYoungGen      total 128000K, used 15264K [0x00000000eb500000, 0x00000000f6400000, 0x0000000100000000)
  eden space 93184K, 0% used [0x00000000eb500000,0x00000000eb500000,0x00000000f1000000)
  from space 34816K, 43% used [0x00000000f1000000,0x00000000f1ee81d0,0x00000000f3200000)
  to   space 32768K, 0% used [0x00000000f4400000,0x00000000f4400000,0x00000000f6400000)
 ParOldGen       total 84992K, used 63252K [0x00000000c1e00000, 0x00000000c7100000, 0x00000000eb500000)
  object space 84992K, 74% used [0x00000000c1e00000,0x00000000c5bc5380,0x00000000c7100000)
 Metaspace       used 57791K, capacity 58978K, committed 59028K, reserved 1101824K
  class space    used 6873K, capacity 7157K, committed 7168K, reserved 1048576K
Event: 21.413 GC heap after
Heap after GC invocations=16 (full 3):
 PSYoungGen      total 128000K, used 0K [0x00000000eb500000, 0x00000000f6400000, 0x0000000100000000)
  eden space 93184K, 0% used [0x00000000eb500000,0x00000000eb500000,0x00000000f1000000)
  from space 34816K, 0% used [0x00000000f1000000,0x00000000f1000000,0x00000000f3200000)
  to   space 32768K, 0% used [0x00000000f4400000,0x00000000f4400000,0x00000000f6400000)
 ParOldGen       total 84992K, used 69484K [0x00000000c1e00000, 0x00000000c7100000, 0x00000000eb500000)
  object space 84992K, 81% used [0x00000000c1e00000,0x00000000c61db200,0x00000000c7100000)
 Metaspace       used 57791K, capacity 58978K, committed 59028K, reserved 1101824K
  class space    used 6873K, capacity 7157K, committed 7168K, reserved 1048576K
}

Deoptimization events (10 events):
Event: 22.556 Thread 0x0000000003002800 Uncommon trap: reason=bimorphic action=maybe_recompile pc=0x00000000043c7590 method=org.jetbrains.kotlin.types.AbstractTypeChecker.collectAllSupertypesWithGivenTypeConstructor(Lorg/jetbrains/kotlin/types/AbstractTypeCheckerContext;Lorg/jetbrains/kotlin/ty
Event: 22.558 Thread 0x0000000003002800 Uncommon trap: reason=bimorphic action=maybe_recompile pc=0x00000000043c721c method=org.jetbrains.kotlin.types.checker.ClassicTypeCheckerContext$Companion$classicSubstitutionSupertypePolicy$2.transformType(Lorg/jetbrains/kotlin/types/AbstractTypeCheckerCo
Event: 22.558 Thread 0x0000000003002800 Uncommon trap: reason=bimorphic action=maybe_recompile pc=0x00000000043c7590 method=org.jetbrains.kotlin.types.AbstractTypeChecker.collectAllSupertypesWithGivenTypeConstructor(Lorg/jetbrains/kotlin/types/AbstractTypeCheckerContext;Lorg/jetbrains/kotlin/ty
Event: 22.569 Thread 0x0000000003002800 Uncommon trap: reason=bimorphic action=maybe_recompile pc=0x00000000043c721c method=org.jetbrains.kotlin.types.checker.ClassicTypeCheckerContext$Companion$classicSubstitutionSupertypePolicy$2.transformType(Lorg/jetbrains/kotlin/types/AbstractTypeCheckerCo
Event: 22.569 Thread 0x0000000003002800 Uncommon trap: reason=bimorphic action=maybe_recompile pc=0x00000000043c7590 method=org.jetbrains.kotlin.types.AbstractTypeChecker.collectAllSupertypesWithGivenTypeConstructor(Lorg/jetbrains/kotlin/types/AbstractTypeCheckerContext;Lorg/jetbrains/kotlin/ty
Event: 22.569 Thread 0x0000000003002800 Uncommon trap: reason=bimorphic action=maybe_recompile pc=0x00000000043c721c method=org.jetbrains.kotlin.types.checker.ClassicTypeCheckerContext$Companion$classicSubstitutionSupertypePolicy$2.transformType(Lorg/jetbrains/kotlin/types/AbstractTypeCheckerCo
Event: 22.574 Thread 0x0000000003002800 Uncommon trap: reason=unstable_if action=reinterpret pc=0x000000000450f6d0 method=kotlin.sequences.FilteringSequence$iterator$1.hasNext()Z @ 5
Event: 22.590 Thread 0x0000000003002800 Uncommon trap: reason=unstable_if action=reinterpret pc=0x0000000003bf9d5c method=java.util.ArrayDeque.addLast(Ljava/lang/Object;)V @ 45
Event: 22.900 Thread 0x0000000003002800 Uncommon trap: reason=class_check action=maybe_recompile pc=0x0000000003be20bc method=org.jetbrains.kotlin.serialization.deserialization.descriptors.DeserializedMemberScope$OptimizedImplementation.getContributedVariables(Lorg/jetbrains/kotlin/name/Name;Lo
Event: 22.900 Thread 0x0000000003002800 Uncommon trap: reason=class_check action=maybe_recompile pc=0x0000000003be20bc method=org.jetbrains.kotlin.serialization.deserialization.descriptors.DeserializedMemberScope$OptimizedImplementation.getContributedVariables(Lorg/jetbrains/kotlin/name/Name;Lo

Classes redefined (0 events):
No events

Internal exceptions (10 events):
Event: 16.399 Thread 0x0000000003002800 Exception <a 'java/lang/NoSuchMethodError': java.lang.Object.lambda$static$0(I)[Lorg/jetbrains/kotlin/com/intellij/psi/PsiField;> (0x00000000efbe8280) thrown at [C:\re\workspace\8-2-build-windows-amd64-cygwin\jdk8u221\13320\hotspot\src\share\vm\interprete
Event: 16.419 Thread 0x0000000003002800 Exception <a 'java/lang/NoSuchMethodError': java.lang.Object.lambda$static$0(I)[Lorg/jetbrains/kotlin/com/intellij/psi/PsiJavaCodeReferenceElement;> (0x00000000efc6a710) thrown at [C:\re\workspace\8-2-build-windows-amd64-cygwin\jdk8u221\13320\hotspot\src\
Event: 16.734 Thread 0x0000000003002800 Exception <a 'java/lang/NoSuchMethodError': java.lang.Object.lambda$static$0(I)[Lorg/jetbrains/kotlin/com/intellij/psi/PsiImportStatementBase;> (0x00000000eb5c5900) thrown at [C:\re\workspace\8-2-build-windows-amd64-cygwin\jdk8u221\13320\hotspot\src\share
Event: 16.782 Thread 0x0000000003002800 Exception <a 'java/lang/NoSuchMethodError': java.lang.Object.lambda$comparing$ea9a8b3a$1(Ljava/util/Comparator;Ljava/util/function/Function;Ljava/lang/Object;Ljava/lang/Object;)I> (0x00000000eb6c7198) thrown at [C:\re\workspace\8-2-build-windows-amd64-cyg
Event: 16.783 Thread 0x0000000003002800 Exception <a 'java/lang/NoSuchMethodError': java.lang.Object.lambda$thenComparing$36697e65$1(Ljava/util/Comparator;Ljava/lang/Object;Ljava/lang/Object;)I> (0x00000000eb6cf6f8) thrown at [C:\re\workspace\8-2-build-windows-amd64-cygwin\jdk8u221\13320\hotspo
Event: 16.800 Thread 0x0000000003002800 Exception <a 'java/lang/NoSuchMethodError': java.lang.Object.lambda$static$0(I)I> (0x00000000eb6f4330) thrown at [C:\re\workspace\8-2-build-windows-amd64-cygwin\jdk8u221\13320\hotspot\src\share\vm\interpreter\linkResolver.cpp, line 620]
Event: 17.438 Thread 0x0000000003002800 Implicit null exception at 0x00000000044b795c to 0x00000000044b8e11
Event: 17.472 Thread 0x0000000003002800 Implicit null exception at 0x00000000049627bc to 0x000000000496920d
Event: 18.625 Thread 0x0000000003002800 Implicit null exception at 0x000000000465fc54 to 0x000000000465febe
Event: 20.013 Thread 0x0000000003002800 Implicit null exception at 0x000000000411ca30 to 0x000000000411ca95

Events (10 events):
Event: 22.590 Thread 0x0000000003002800 DEOPT PACKING pc=0x0000000003bf9d5c sp=0x0000000002ff63f0
Event: 22.590 Thread 0x0000000003002800 DEOPT UNPACKING pc=0x000000000314583b sp=0x0000000002ff6330 mode 2
Event: 22.825 Executing VM operation: ForceSafepoint
Event: 22.825 Executing VM operation: ForceSafepoint done
Event: 22.900 Thread 0x0000000003002800 Uncommon trap: trap_request=0xffffffde fr.pc=0x0000000003be20bc
Event: 22.900 Thread 0x0000000003002800 DEOPT PACKING pc=0x0000000003be20bc sp=0x0000000002ffa6e0
Event: 22.900 Thread 0x0000000003002800 DEOPT UNPACKING pc=0x000000000314583b sp=0x0000000002ffa690 mode 2
Event: 22.900 Thread 0x0000000003002800 Uncommon trap: trap_request=0xffffffde fr.pc=0x0000000003be20bc
Event: 22.900 Thread 0x0000000003002800 DEOPT PACKING pc=0x0000000003be20bc sp=0x0000000002ffa6e0
Event: 22.900 Thread 0x0000000003002800 DEOPT UNPACKING pc=0x000000000314583b sp=0x0000000002ffa690 mode 2


Dynamic libraries:
0x00007ff694c70000 - 0x00007ff694ca7000 	C:\Program Files\Java\jdk1.8.0_221\jre\bin\java.exe
0x00007ffc29730000 - 0x00007ffc29925000 	C:\WINDOWS\SYSTEM32\ntdll.dll
0x00007ffc27920000 - 0x00007ffc279de000 	C:\WINDOWS\System32\KERNEL32.DLL
0x00007ffc26e80000 - 0x00007ffc27148000 	C:\WINDOWS\System32\KERNELBASE.dll
0x00007ffc28350000 - 0x00007ffc283fe000 	C:\WINDOWS\System32\ADVAPI32.dll
0x00007ffc28a60000 - 0x00007ffc28afe000 	C:\WINDOWS\System32\msvcrt.dll
0x00007ffc28400000 - 0x00007ffc2849c000 	C:\WINDOWS\System32\sechost.dll
0x00007ffc28930000 - 0x00007ffc28a55000 	C:\WINDOWS\System32\RPCRT4.dll
0x00007ffc279e0000 - 0x00007ffc27b80000 	C:\WINDOWS\System32\USER32.dll
0x00007ffc27310000 - 0x00007ffc27332000 	C:\WINDOWS\System32\win32u.dll
0x00007ffc28830000 - 0x00007ffc2885a000 	C:\WINDOWS\System32\GDI32.dll
0x00007ffc27150000 - 0x00007ffc2725b000 	C:\WINDOWS\System32\gdi32full.dll
0x00007ffc27340000 - 0x00007ffc273dd000 	C:\WINDOWS\System32\msvcp_win.dll
0x00007ffc27690000 - 0x00007ffc27790000 	C:\WINDOWS\System32\ucrtbase.dll
0x00007ffc13360000 - 0x00007ffc135fa000 	C:\WINDOWS\WinSxS\amd64_microsoft.windows.common-controls_6595b64144ccf1df_6.0.19041.1110_none_60b5254171f9507e\COMCTL32.dll
0x00007ffc29290000 - 0x00007ffc292c0000 	C:\WINDOWS\System32\IMM32.DLL
0x000000006a320000 - 0x000000006a3f2000 	C:\Program Files\Java\jdk1.8.0_221\jre\bin\msvcr100.dll
0x0000000069a70000 - 0x000000006a315000 	C:\Program Files\Java\jdk1.8.0_221\jre\bin\server\jvm.dll
0x00007ffc28670000 - 0x00007ffc28678000 	C:\WINDOWS\System32\PSAPI.DLL
0x00007ffbd2570000 - 0x00007ffbd2579000 	C:\WINDOWS\SYSTEM32\WSOCK32.dll
0x00007ffc11d90000 - 0x00007ffc11db7000 	C:\WINDOWS\SYSTEM32\WINMM.dll
0x00007ffc292c0000 - 0x00007ffc2932b000 	C:\WINDOWS\System32\WS2_32.dll
0x00007ffc1f0f0000 - 0x00007ffc1f0fa000 	C:\WINDOWS\SYSTEM32\VERSION.dll
0x00007ffbd2560000 - 0x00007ffbd256f000 	C:\Program Files\Java\jdk1.8.0_221\jre\bin\verify.dll
0x00007ffbd2120000 - 0x00007ffbd2149000 	C:\Program Files\Java\jdk1.8.0_221\jre\bin\java.dll
0x00007ffbc3530000 - 0x00007ffbc3546000 	C:\Program Files\Java\jdk1.8.0_221\jre\bin\zip.dll
0x00007ffc27c00000 - 0x00007ffc28344000 	C:\WINDOWS\System32\SHELL32.dll
0x00007ffc24f50000 - 0x00007ffc256e4000 	C:\WINDOWS\SYSTEM32\windows.storage.dll
0x00007ffc29390000 - 0x00007ffc296e4000 	C:\WINDOWS\System32\combase.dll
0x00007ffc267f0000 - 0x00007ffc2681c000 	C:\WINDOWS\SYSTEM32\Wldp.dll
0x00007ffc284b0000 - 0x00007ffc2855d000 	C:\WINDOWS\System32\SHCORE.dll
0x00007ffc28560000 - 0x00007ffc285b5000 	C:\WINDOWS\System32\shlwapi.dll
0x00007ffc26d90000 - 0x00007ffc26daf000 	C:\WINDOWS\SYSTEM32\profapi.dll
0x00007ffbc3510000 - 0x00007ffbc352a000 	C:\Program Files\Java\jdk1.8.0_221\jre\bin\net.dll
0x00007ffc173c0000 - 0x00007ffc175ac000 	C:\WINDOWS\SYSTEM32\urlmon.dll
0x00007ffc17ae0000 - 0x00007ffc17d91000 	C:\WINDOWS\SYSTEM32\iertutil.dll
0x00007ffc17390000 - 0x00007ffc173b8000 	C:\WINDOWS\SYSTEM32\srvcli.dll
0x00007ffc26350000 - 0x00007ffc2635c000 	C:\WINDOWS\SYSTEM32\netutils.dll
0x00007ffc26550000 - 0x00007ffc265ba000 	C:\WINDOWS\system32\mswsock.dll
0x00007ffbc1190000 - 0x00007ffbc11a2000 	C:\Program Files\Java\jdk1.8.0_221\jre\bin\nio.dll

VM Arguments:
java_command: org.jetbrains.kotlin.cli.jvm.K2JVMCompiler @C:\codekart\Aarka\node_modules\react-native-screens\android\build\20220417_6431682867782054481.compiler.options
java_class_path (initial): C:\Users\adilr\.gradle\caches\modules-2\files-2.1\org.jetbrains.kotlin\kotlin-compiler-embeddable\1.5.20\1900e8b9aca0a9caffd45b99b36e3720a0a284f8\kotlin-compiler-embeddable-1.5.20.jar;C:\Users\adilr\.gradle\caches\modules-2\files-2.1\org.jetbrains.kotlin\kotlin-reflect\1.5.20\63810951f09a27f7827977f1bc21094042a915e\kotlin-reflect-1.5.20.jar;C:\Users\adilr\.gradle\caches\modules-2\files-2.1\org.jetbrains.kotlin\kotlin-stdlib\1.5.20\9de35cc611bcecec8edce1d56d8e659953806751\kotlin-stdlib-1.5.20.jar;C:\Users\adilr\.gradle\caches\modules-2\files-2.1\org.jetbrains.kotlin\kotlin-script-runtime\1.5.20\4381bb58d37b84d4d1afe55ec35542dd9b77e101\kotlin-script-runtime-1.5.20.jar;C:\Users\adilr\.gradle\caches\modules-2\files-2.1\org.jetbrains.kotlin\kotlin-daemon-embeddable\1.5.20\36c38cda019834dcd2959cc33a12768adcd94256\kotlin-daemon-embeddable-1.5.20.jar;C:\Users\adilr\.gradle\caches\modules-2\files-2.1\org.jetbrains.intellij.deps\trove4j\1.0.20181211\216c2e14b070f334479d800987affe4054cd563f\trove4j-1.0.20181211.jar;C:\Users\adilr\.gradle\caches\modules-2\files-2.1\org.jetbrains\annotations\13.0\919f0dfe192fb4e063e7dacadee7f8bb9a2672a9\annotations-13.0.jar;C:\Users\adilr\.gradle\caches\modules-2\files-2.1\org.jetbrains.kotlin\kotlin-stdlib-common\1.5.20\3d79dbd48bf605f4aac1e7028981a1953e245cbb\kotlin-stdlib-common-1.5.20.jar;C:\Program Files\Java\jdk1.8.0_221\lib\tools.jar
Launcher Type: SUN_STANDARD

Environment Variables:
JAVA_HOME=C:\Program Files\Java\jdk1.8.0_221
CLASSPATH=C:\codekart\Aarka\android\\gradle\wrapper\gradle-wrapper.jar
PATH=C:\codekart\Aarka\android\node_modules\.bin;C:\codekart\Aarka\node_modules\.bin;C:\codekart\node_modules\.bin;C:\node_modules\.bin;C:\Program Files\nodejs;C:\Program Files (x86)\Common Files\Oracle\Java\javapath;C:\WINDOWS\system32;C:\WINDOWS;C:\WINDOWS\System32\Wbem;C:\WINDOWS\System32\WindowsPowerShell\v1.0\;C:\WINDOWS\System32\OpenSSH\;C:\Program Files\Git\cmd;C:\Program Files\nodejs\;C:\ProgramData\chocolatey\bin;C:\Program Files\Java\jdk1.8.0_221\bin;C:\Users\adilr\AppData\Local\Microsoft\WindowsApps;C:\Users\adilr\AppData\Local\Programs\Microsoft VS Code\bin;C:\Users\adilr\AppData\Local\GitHubDesktop\bin;C:\Users\adilr\AppData\Roaming\npm;C:\Users\adilr\AppData\Local\Android\Sdk\platform-tools;C:\Program Files\heroku\bin
USERNAME=adilr
OS=Windows_NT
PROCESSOR_IDENTIFIER=Intel64 Family 6 Model 142 Stepping 9, GenuineIntel



---------------  S Y S T E M  ---------------

OS: Windows 10.0 , 64 bit Build 19041 (10.0.19041.1645)

CPU:total 4 (initial active 4) (2 cores per cpu, 2 threads per core) family 6 model 142 stepping 9, cmov, cx8, fxsr, mmx, sse, sse2, sse3, ssse3, sse4.1, sse4.2, popcnt, avx, avx2, aes, clmul, erms, 3dnowpref, lzcnt, ht, tsc, tscinvbit, bmi1, bmi2, adx

Memory: 4k page, physical 4069876k(272564k free), swap 16652788k(2468k free)

vm_info: Java HotSpot(TM) 64-Bit Server VM (25.221-b11) for windows-amd64 JRE (1.8.0_221-b11), built on Jul  4 2019 04:39:29 by "java_re" with MS VC++ 10.0 (VS2010)

time: Sun Apr 17 23:35:15 2022
timezone: India Standard Time
elapsed time: 22 seconds (0d 0h 0m 22s)

